<?xml version="1.0" encoding="UTF-8"?>
<!-- Generated by org.testng.reporters.JUnitXMLReporter -->
<testsuite ignored="0" hostname="Ramayani" failures="1" tests="3" name="Error Validations Test" time="13.557" errors="0" timestamp="2025-12-14T18:28:16 IST">
  <testcase classname="frameworklearn.tests.ErrorValidationsTest" name="LoginErrorValidation" time="0.673">
    <skipped/>
  </testcase> <!-- LoginErrorValidation -->
  <testcase classname="frameworklearn.tests.ErrorValidationsTest" name="LoginErrorValidation" time="2.612">
    <failure type="java.lang.AssertionError" message="expected [Incorrect email or password.] but found [Incorrect email  password.]">
      <![CDATA[java.lang.AssertionError: expected [Incorrect email or password.] but found [Incorrect email  password.]
at frameworklearn.tests.ErrorValidationsTest.LoginErrorValidation(ErrorValidationsTest.java:22)
at java.base/java.util.ArrayList.forEach(ArrayList.java:1596)
at java.base/java.util.concurrent.FutureTask.run(FutureTask.java:317)
at java.base/java.util.concurrent.ThreadPoolExecutor.runWorker(ThreadPoolExecutor.java:1144)
at java.base/java.util.concurrent.ThreadPoolExecutor$Worker.run(ThreadPoolExecutor.java:642)
at java.base/java.lang.Thread.run(Thread.java:1583)
... Removed 21 stack frames]]>
    </failure>
  </testcase> <!-- LoginErrorValidation -->
  <testcase classname="frameworklearn.tests.ErrorValidationsTest" name="productErrorValidation" time="2.416"/>
</testsuite> <!-- Error Validations Test -->
