<?xml version="1.0" encoding="UTF-8"?>
<!-- Generated by org.testng.reporters.JUnitXMLReporter -->
<testsuite ignored="0" hostname="Ramayani" failures="0" tests="3" name="Submit Order Test" time="48.814" errors="0" timestamp="2025-12-14T18:28:51 IST">
  <testcase classname="frameworklearn.tests.SubmitOrderTest" name="submitOrder" time="14.461"/>
  <testcase classname="frameworklearn.tests.SubmitOrderTest" name="submitOrder" time="25.186"/>
  <testcase classname="frameworklearn.tests.SubmitOrderTest" name="OrderHistoryTest" time="0.981"/>
</testsuite> <!-- Submit Order Test -->
