<?xml version="1.0" encoding="UTF-8"?>
<!-- Generated by org.testng.reporters.JUnitReportReporter -->
<testsuite hostname="Ramayani" failures="0" tests="3" name="frameworklearn.tests.SubmitOrderTest" time="48.444" errors="0" timestamp="2025-12-14T18:28:51 IST" skipped="0">
  <testcase classname="frameworklearn.tests.SubmitOrderTest" name="submitOrder" time="16.075"/>
  <testcase classname="frameworklearn.tests.SubmitOrderTest" name="submitOrder" time="29.530"/>
  <testcase classname="frameworklearn.tests.SubmitOrderTest" name="OrderHistoryTest" time="2.839"/>
</testsuite> <!-- frameworklearn.tests.SubmitOrderTest -->
