<?xml version="1.0" encoding="UTF-8"?>
<!-- Generated by org.testng.reporters.JUnitReportReporter -->
<testsuite hostname="Ramayani" failures="0" tests="2" name="frameworklearn.tests.ErrorValidations" time="21.044" errors="0" timestamp="2025-11-29T23:45:45 IST" skipped="0">
  <testcase classname="frameworklearn.tests.ErrorValidations" name="productErrorValidation" time="16.687"/>
  <testcase classname="frameworklearn.tests.ErrorValidations" name="LoginErrorValidation" time="4.357"/>
</testsuite> <!-- frameworklearn.tests.ErrorValidations -->
